Command line:
   TOP_isim_beh.exe
     -simmode  gui
     -simrunnum  0
     -socket  20972

Thu Apr 23 18:59:16 2015


 Elaboration Time: 0.203125 sec

 Current Memory Usage: 361.677 Meg

 Total Signals          : 43
 Total Nets             : 103
 Total Signal Drivers   : 22
 Total Blocks           : 9
 Total Primitive Blocks : 7
 Total Processes        : 5
 Total Traceable Variables  : 15
 Total Scalar Nets and Variables : 604
Total Line Count : 77

 Total Simulation Time: 0.21875 sec

 Current Memory Usage: 361.677 Meg

Thu Apr 23 18:59:22 2015

